
--- Download Session Started: Fri Oct 31 15:19:10 2025 ---
HTTP_404_ERROR: https://ihc.gov.pk/attachments/judgements/34205/1/34205_638974253624567150.pdf
HTTP_404_ERROR: https://ihc.gov.pk/attachments/judgements/69374/2/09.10.2025_17_638960421519492436.pdf
HTTP_404_ERROR: https://ihc.gov.pk/attachments/judgements/31028/2/29.09.2025_25_638949924584762607.pdf
HTTP_404_ERROR: https://ihc.gov.pk/attachments/judgements/77229/2/29.09.2025_23_638949923862519519.pdf
HTTP_404_ERROR: https://ihc.gov.pk/attachments/judgements/54632/1/I.T.R._No._236-2015_638949265611823128.pdf
HTTP_404_ERROR: https://ihc.gov.pk/attachments/judgements/54301/1/54301_638948270868225228.pdf
HTTP_404_ERROR: https://ihc.gov.pk/attachments/judgements/28109/2/Regular_First_Appeal_No._101_of_2013__dismissed_638920641345279804.pdf
HTTP_404_ERROR: https://ihc.gov.pk/attachments/judgements/55701/1/I.T.R_265_15_638913781202645875.pdf
HTTP_404_ERROR: https://ihc.gov.pk/attachments/judgements/12873/1/I.T.R_07_12_638913775642793984.pdf
HTTP_404_ERROR: https://ihc.gov.pk/attachments/judgements/43996/1/I.T.R_96_2014_MS_638913773988640144.pdf
HTTP_404_ERROR: https://ihc.gov.pk/attachments/judgements/46372/1/I.T.R_03_2015_638913771310972150.pdf
HTTP_404_ERROR: https://ihc.gov.pk/attachments/judgements/24998/1/8_WP_1005-2013_638909519081804343.pdf
HTTP_404_ERROR: https://ihc.gov.pk/attachments/judgements/48863/1/8_RFA_63-15_dismissed_638908644376595798.pdf
HTTP_404_ERROR: https://ihc.gov.pk/attachments/judgements/63042/1/Writ_Petition_No.803-2016_638908619975434400.pdf
HTTP_404_ERROR: https://ihc.gov.pk/attachments/judgements/63108/1/13_WP_719-2016_withdraw_638908601685735301.pdf
HTTP_404_ERROR: https://ihc.gov.pk/attachments/judgements/63085/1/2_WP_846-2016_DNP_638908589236468924.pdf
HTTP_404_ERROR: https://ihc.gov.pk/attachments/judgements/11644/1/R.F.A_No.63_of_2011_638888832442945317.pdf
HTTP_404_ERROR: https://ihc.gov.pk/attachments/judgements/43646/1/RFA_46_2017_638875009807538938.pdf
HTTP_404_ERROR: https://ihc.gov.pk/attachments/judgements/32999/1/RFA_No.152_of_2013__________________46_638874818529441956.pdf
HTTP_404_ERROR: https://ihc.gov.pk/attachments/judgements/61736/1/RFA_11_of_2016_638870667141226978.pdf
HTTP_404_ERROR: https://ihc.gov.pk/attachments/judgements/9586/1/REGULAR_FIRST_APPEAL_NO._54_OF_2001_638868832260192231.pdf
HTTP_404_ERROR: https://ihc.gov.pk/attachments/judgements/50331/1/R.F.A_No.91_of_2015_order_XVII_R_2_638860075439439905.pdf
HTTP_404_ERROR: https://ihc.gov.pk/attachments/judgements/6474/1/Federal_Excise_Reference_No.174_of_2011_638853233470759564.pdf
HTTP_404_ERROR: https://ihc.gov.pk/attachments/judgements/6473/1/Federal_Excise_Reference_No.174_of_2011_638853231361625658.pdf
HTTP_404_ERROR: https://ihc.gov.pk/attachments/judgements/63236/1/Writ_Petition_No.895_of_2016_638847507824886688.pdf
HTTP_404_ERROR: https://ihc.gov.pk/attachments/judgements/51723/1/R.F.A._NO._114_OF_2015_638839590330922569.pdf
HTTP_404_ERROR: https://ihc.gov.pk/attachments/judgements/49279/2/D.B_Tax_Matter_89-2015_638836124274739826.pdf
HTTP_404_ERROR: https://ihc.gov.pk/attachments/judgements/4805/2/D.B_Tax_Matter_105-2008_638836120457999570.pdf
HTTP_404_ERROR: https://ihc.gov.pk/attachments/judgements/4790/2/D.B_Tax_Matter_101-2008_638836117839672179.pdf
HTTP_404_ERROR: https://ihc.gov.pk/attachments/judgements/21132/2/D.B_Tax_Matter_71-2012_638836116761845253.pdf
HTTP_404_ERROR: https://ihc.gov.pk/attachments/judgements/43259/2/cutoms_refenece_42-14_638833498329998667.pdf
HTTP_404_ERROR: https://ihc.gov.pk/attachments/judgements/42673/1/customs_reference_41-14_638833497255928381.pdf
HTTP_404_ERROR: https://ihc.gov.pk/attachments/judgements/49955/1/R.f.A_No.82-2015_638839484133191759.pdf
HTTP_404_ERROR: https://ihc.gov.pk/attachments/judgements/47947/2/07.05.2025_09_638826382228231150.pdf
HTTP_404_ERROR: https://ihc.gov.pk/attachments/judgements/8595/1/I.T.R_No._227_of_2011_638809124451923801.pdf
HTTP_404_ERROR: https://ihc.gov.pk/attachments/judgements/55696/1/REGULAR_FIRST_APPEAL_NO._192_OF_2015_638796445650749593.pdf
HTTP_404_ERROR: https://ihc.gov.pk/attachments/judgements/49103/1/REGULAR_FIRST_APPEAL_NO._71_OF_2015_638792902231107134.pdf
HTTP_404_ERROR: https://ihc.gov.pk/attachments/judgements/50677/1/F.A.O_No.47_of_2015_638773094545191793.pdf
HTTP_404_ERROR: https://ihc.gov.pk/attachments/judgements/53449/1/CRIMINAL_APPEAL_NO._149_OF_2015_(D.B)_638767921198360213.pdf
HTTP_404_ERROR: https://ihc.gov.pk/attachments/judgements/5409/1/I.T.R_No.253_of_2010_638766051608542018.pdf
HTTP_404_ERROR: https://ihc.gov.pk/attachments/judgements/61235/1/RFA_NO._222_OF_2015_638764173318815821.pdf
HTTP_404_ERROR: https://ihc.gov.pk/attachments/judgements/44929/1/Crl_Appeal_110_of_2014_638747997071080046.pdf
HTTP_404_ERROR: https://ihc.gov.pk/attachments/judgements/46174/1/W.P._No._105_of_2015_638738542200225280.pdf
HTTP_404_ERROR: https://ihc.gov.pk/attachments/judgements/61356/1/R.F.A._No._221_of_2015_638697048996490129.pdf
HTTP_404_ERROR: https://ihc.gov.pk/attachments/judgements/21348/1/RFA_No.59-2012_etc._638694505497171823.pdf
HTTP_404_ERROR: https://ihc.gov.pk/attachments/judgements/71387/1/RFA_No.218-2016_638694503322114528.pdf
HTTP_404_ERROR: https://ihc.gov.pk/attachments/judgements/17967/1/STR_17_of_2012_638688297074670784.pdf
HTTP_404_ERROR: https://ihc.gov.pk/attachments/judgements/53606/1/SECP_Appeal_06_of_2015_638677140854343395.pdf
HTTP_404_ERROR: https://ihc.gov.pk/attachments/judgements/48507/1/C.R_No.96_of_2015_638677138352853278.pdf
HTTP_404_ERROR: https://ihc.gov.pk/attachments/judgements/25569/1/W.P._No.1312-2013_638676336266714524.pdf
HTTP_404_ERROR: https://ihc.gov.pk/attachments/judgements/48073/1/R.F.A._No._138_of_2015_DNP_638672845164998627.pdf
HTTP_404_ERROR: https://ihc.gov.pk/attachments/judgements/62540/1/W.P._No._611_of_2016_DO_638672798764686520.pdf
HTTP_404_ERROR: https://ihc.gov.pk/attachments/judgements/61581/1/W.P._No._185_of_2016_638672618091319557.pdf
HTTP_404_ERROR: https://ihc.gov.pk/attachments/judgements/60956/1/WRIT_PETITION_NO.4125_OF_2015_638672616371221394.pdf
HTTP_404_ERROR: https://ihcn.gov.pk/attachments/judgements/62190/1/FAO_No._02_of_2016_638665031729383446.pdf
HTTP_404_ERROR: https://ihc.gov.pk/attachments/judgements/17172/1/RFA_No._35_of_2012_638665029539335958.pdf
